Start testing: Dec 02 11:48 CET
----------------------------------------------------------
1/1 Testing: testAbstractData
1/1 Test: testAbstractData
Command: "/home/jbolivier/Documents/ProjetGeo/cute-gis/build/testAbstractData"
Directory: /home/jbolivier/Documents/ProjetGeo/cute-gis/build
"testAbstractData" start time: Dec 02 11:48 CET
Output:
----------------------------------------------------------
Running main() from ./googletest/src/gtest_main.cc
[==========] Running 3 tests from 2 test suites.
[----------] Global test environment set-up.
[----------] 2 tests from AbstractDatatest
[ RUN      ] AbstractDatatest.DefaultConstructor
[       OK ] AbstractDatatest.DefaultConstructor (0 ms)
[ RUN      ] AbstractDatatest.ConstructorWithParameters
[       OK ] AbstractDatatest.ConstructorWithParameters (37 ms)
[----------] 2 tests from AbstractDatatest (37 ms total)

[----------] 1 test from GeoJsonFileTest
[ RUN      ] GeoJsonFileTest.GettersGeoJsonFile
2154
/home/jbolivier/Documents/ProjetGeo/cute-gis/tests/testAbstractData.cpp:40: Failure
Value of: data.GetCRS() == epsg
  Actual: false
Expected: true
[  FAILED  ] GeoJsonFileTest.GettersGeoJsonFile (30 ms)
[----------] 1 test from GeoJsonFileTest (30 ms total)

[----------] Global test environment tear-down
[==========] 3 tests from 2 test suites ran. (68 ms total)
[  PASSED  ] 2 tests.
[  FAILED  ] 1 test, listed below:
[  FAILED  ] GeoJsonFileTest.GettersGeoJsonFile

 1 FAILED TEST
<end of output>
Test time =   0.09 sec
----------------------------------------------------------
Test Failed.
"testAbstractData" end time: Dec 02 11:48 CET
"testAbstractData" time elapsed: 00:00:00
----------------------------------------------------------

End testing: Dec 02 11:48 CET
